1681048783429	geckodriver	INFO	Listening on 127.0.0.1:56551
1681048786478	mozrunner::runner	INFO	Running command: "C:\\Program Files\\Mozilla Firefox\\firefox.exe" "--marionette" "--headless" "--remote-debugging-port" "565 ... 2" "--remote-allow-hosts" "localhost" "-no-remote" "-profile" "C:\\Users\\lucas\\AppData\\Local\\Temp\\rust_mozprofile9RfB7w"
*** You are running in headless mode.
console.warn: services.settings: Ignoring preference override of remote settings server
console.warn: services.settings: Allow by setting MOZ_REMOTE_SETTINGS_DEVTOOLS=1 in the environment
1681048786879	Marionette	INFO	Marionette enabled
Dynamically enable window occlusion 0
1681048786884	Marionette	INFO	Listening on port 56567
Read port: 56567
WebDriver BiDi listening on ws://127.0.0.1:56552
1681048786987	RemoteAgent	WARN	TLS certificate errors will be ignored for this session
[GFX1-]: RenderCompositorSWGL failed mapping default framebuffer, no dt
console.warn: SearchSettings: "get: No settings file exists, new profile?" (new NotFoundError("Could not open the file at C:\\Users\\lucas\\AppData\\Local\\Temp\\rust_mozprofile9RfB7w\\search.json.mozlz4", (void 0)))
console.error: ({})
DevTools listening on ws://127.0.0.1:56552/devtools/browser/e9412b41-d2d0-4493-8cc4-6d8e77062656
JavaScript warning: https://assets.adobedtm.com/launch-EN25c109711a674c3ea843eea81c76c25e.min.js, line 6: WEBGL_debug_renderer_info is deprecated in Firefox and will be removed. Please use RENDERER.
JavaScript error: resource://gre/actors/ContentMetaChild.jsm, line 183: InvalidStateError: JSWindowActorChild.sendAsyncMessage: JSWindowActorChild cannot send at the moment
JavaScript warning: https://assets.adobedtm.com/launch-EN25c109711a674c3ea843eea81c76c25e.min.js, line 6: WEBGL_debug_renderer_info is deprecated in Firefox and will be removed. Please use RENDERER.
JavaScript warning: https://assets.adobedtm.com/launch-EN25c109711a674c3ea843eea81c76c25e.min.js, line 6: WEBGL_debug_renderer_info is deprecated in Firefox and will be removed. Please use RENDERER.
JavaScript warning: https://assets.adobedtm.com/launch-EN25c109711a674c3ea843eea81c76c25e.min.js, line 6: WEBGL_debug_renderer_info is deprecated in Firefox and will be removed. Please use RENDERER.
JavaScript warning: https://assets.adobedtm.com/launch-EN25c109711a674c3ea843eea81c76c25e.min.js, line 6: WEBGL_debug_renderer_info is deprecated in Firefox and will be removed. Please use RENDERER.
JavaScript warning: https://assets.adobedtm.com/launch-EN25c109711a674c3ea843eea81c76c25e.min.js, line 6: WEBGL_debug_renderer_info is deprecated in Firefox and will be removed. Please use RENDERER.
JavaScript warning: https://assets.adobedtm.com/launch-EN25c109711a674c3ea843eea81c76c25e.min.js, line 6: WEBGL_debug_renderer_info is deprecated in Firefox and will be removed. Please use RENDERER.
JavaScript warning: https://assets.adobedtm.com/launch-EN25c109711a674c3ea843eea81c76c25e.min.js, line 6: WEBGL_debug_renderer_info is deprecated in Firefox and will be removed. Please use RENDERER.
1681048838266	geckodriver	INFO	Listening on 127.0.0.1:56729
1681048841345	mozrunner::runner	INFO	Running command: "C:\\Program Files\\Mozilla Firefox\\firefox.exe" "--marionette" "--remote-debugging-port" "56730" "--remote-allow-hosts" "localhost" "-no-remote" "-profile" "C:\\Users\\lucas\\AppData\\Local\\Temp\\rust_mozprofiler2Xaou"
console.warn: services.settings: Ignoring preference override of remote settings server
console.warn: services.settings: Allow by setting MOZ_REMOTE_SETTINGS_DEVTOOLS=1 in the environment
1681048841666	Marionette	INFO	Marionette enabled
Dynamically enable window occlusion 0
1681048841670	Marionette	INFO	Listening on port 56739
Read port: 56739
WebDriver BiDi listening on ws://127.0.0.1:56730
1681048841806	RemoteAgent	WARN	TLS certificate errors will be ignored for this session
console.warn: SearchSettings: "get: No settings file exists, new profile?" (new NotFoundError("Could not open the file at C:\\Users\\lucas\\AppData\\Local\\Temp\\rust_mozprofiler2Xaou\\search.json.mozlz4", (void 0)))
DevTools listening on ws://127.0.0.1:56730/devtools/browser/be1e0d94-061e-4d86-9ad9-05b8195993f9
JavaScript warning: https://assets.adobedtm.com/launch-EN25c109711a674c3ea843eea81c76c25e.min.js, line 6: WEBGL_debug_renderer_info is deprecated in Firefox and will be removed. Please use RENDERER.
JavaScript warning: https://assets.adobedtm.com/launch-EN25c109711a674c3ea843eea81c76c25e.min.js, line 6: WEBGL_debug_renderer_info is deprecated in Firefox and will be removed. Please use RENDERER.
JavaScript warning: https://assets.adobedtm.com/launch-EN25c109711a674c3ea843eea81c76c25e.min.js, line 6: WEBGL_debug_renderer_info is deprecated in Firefox and will be removed. Please use RENDERER.
JavaScript warning: https://assets.adobedtm.com/launch-EN25c109711a674c3ea843eea81c76c25e.min.js, line 6: WEBGL_debug_renderer_info is deprecated in Firefox and will be removed. Please use RENDERER.
JavaScript warning: https://assets.adobedtm.com/launch-EN25c109711a674c3ea843eea81c76c25e.min.js, line 6: WEBGL_debug_renderer_info is deprecated in Firefox and will be removed. Please use RENDERER.
JavaScript warning: https://assets.adobedtm.com/launch-EN25c109711a674c3ea843eea81c76c25e.min.js, line 6: WEBGL_debug_renderer_info is deprecated in Firefox and will be removed. Please use RENDERER.
JavaScript warning: https://assets.adobedtm.com/launch-EN25c109711a674c3ea843eea81c76c25e.min.js, line 6: WEBGL_debug_renderer_info is deprecated in Firefox and will be removed. Please use RENDERER.
JavaScript warning: https://assets.adobedtm.com/launch-EN25c109711a674c3ea843eea81c76c25e.min.js, line 6: WEBGL_debug_renderer_info is deprecated in Firefox and will be removed. Please use RENDERER.
JavaScript warning: https://assets.adobedtm.com/launch-EN25c109711a674c3ea843eea81c76c25e.min.js, line 6: WEBGL_debug_renderer_info is deprecated in Firefox and will be removed. Please use RENDERER.
JavaScript warning: https://assets.adobedtm.com/launch-EN25c109711a674c3ea843eea81c76c25e.min.js, line 6: WEBGL_debug_renderer_info is deprecated in Firefox and will be removed. Please use RENDERER.
1681048878602	Marionette	INFO	Stopped listening on port 56739
Dynamically enable window occlusion 1
WARNING: A blocker encountered an error while we were waiting.
          Blocker:  Waiting for ping task
          Phase: TelemetryController: Waiting for pending ping activity
          State: (none)
WARNING: Error: Phase "profile-before-change" is finished, it is too late to register completion condition "OS.File: flush I/O queued before profileBeforeChange"
WARNING: addBlocker@resource://gre/modules/AsyncShutdown.sys.mjs:727:15
addBlocker@resource://gre/modules/AsyncShutdown.sys.mjs:523:26
addBlocker@resource://gre/modules/AsyncShutdown.sys.mjs:458:15
setupShutdown@resource://gre/modules/osfile/osfile_async_front.jsm:1548:28
@resource://gre/modules/osfile/osfile_async_front.jsm:1568:16
@resource://gre/modules/osfile.jsm:12:30
@resource://gre/modules/TelemetryStorage.sys.mjs:10:28
_checkPendingPings@resource://gre/modules/TelemetrySend.sys.mjs:863:17
setup@resource://gre/modules/TelemetrySend.sys.mjs:803:18
setup@resource://gre/modules/TelemetrySend.sys.mjs:241:30
setupTelemetry/this._delayedInitTask<@resource://gre/modules/TelemetryControllerParent.sys.mjs:828:36
observe@resource://gre/modules/AsyncShutdown.sys.mjs:576:16

console.error: "TelemetryScheduler.shutdown - Already shut down"
WARNING: A blocker encountered an error while we were waiting.
          Blocker:  Waiting for ping task
          Phase: TelemetryController: Waiting for pending ping activity
          State: (none)
WARNING: Error: Phase "profile-before-change" is finished, it is too late to register completion condition "OS.File: flush I/O queued before profileBeforeChange"
WARNING: addBlocker@resource://gre/modules/AsyncShutdown.sys.mjs:727:15
addBlocker@resource://gre/modules/AsyncShutdown.sys.mjs:523:26
addBlocker@resource://gre/modules/AsyncShutdown.sys.mjs:458:15
setupShutdown@resource://gre/modules/osfile/osfile_async_front.jsm:1548:28
@resource://gre/modules/osfile/osfile_async_front.jsm:1568:16
@resource://gre/modules/osfile.jsm:12:30
@resource://gre/modules/TelemetryStorage.sys.mjs:10:28
_checkPendingPings@resource://gre/modules/TelemetrySend.sys.mjs:863:17
setup@resource://gre/modules/TelemetrySend.sys.mjs:803:18
setup@resource://gre/modules/TelemetrySend.sys.mjs:241:30
setupTelemetry/this._delayedInitTask<@resource://gre/modules/TelemetryControllerParent.sys.mjs:828:36
observe@resource://gre/modules/AsyncShutdown.sys.mjs:576:16

WARNING: A blocker encountered an error while we were waiting.
          Blocker:  Waiting for ping task
          Phase: TelemetryController: Waiting for pending ping activity
          State: (none)
WARNING: Error: Phase "profile-before-change" is finished, it is too late to register completion condition "OS.File: flush I/O queued before profileBeforeChange"
WARNING: addBlocker@resource://gre/modules/AsyncShutdown.sys.mjs:727:15
addBlocker@resource://gre/modules/AsyncShutdown.sys.mjs:523:26
addBlocker@resource://gre/modules/AsyncShutdown.sys.mjs:458:15
setupShutdown@resource://gre/modules/osfile/osfile_async_front.jsm:1548:28
@resource://gre/modules/osfile/osfile_async_front.jsm:1568:16
@resource://gre/modules/osfile.jsm:12:30
@resource://gre/modules/TelemetryStorage.sys.mjs:10:28
_checkPendingPings@resource://gre/modules/TelemetrySend.sys.mjs:863:17
setup@resource://gre/modules/TelemetrySend.sys.mjs:803:18
setup@resource://gre/modules/TelemetrySend.sys.mjs:241:30
setupTelemetry/this._delayedInitTask<@resource://gre/modules/TelemetryControllerParent.sys.mjs:828:36
observe@resource://gre/modules/AsyncShutdown.sys.mjs:576:16

WARNING: A blocker encountered an error while we were waiting.
          Blocker:  TelemetryController: shutting down
          Phase: profile-before-change-telemetry
          State: Error getting state: Error: Phase "profile-before-change" is finished, it is too late to register completion condition "OS.File: flush I/O queued before profileBeforeChange" at addBlocker@resource://gre/modules/AsyncShutdown.sys.mjs:727:15
addBlocker@resource://gre/modules/AsyncShutdown.sys.mjs:523:26
addBlocker@resource://gre/modules/AsyncShutdown.sys.mjs:458:15
setupShutdown@resource://gre/modules/osfile/osfile_async_front.jsm:1548:28
@resource://gre/modules/osfile/osfile_async_front.jsm:1568:16
@resource://gre/modules/osfile.jsm:12:30
@resource://gre/modules/TelemetryStorage.sys.mjs:10:28
_checkPendingPings@resource://gre/modules/TelemetrySend.sys.mjs:863:17
setup@resource://gre/modules/TelemetrySend.sys.mjs:803:18
setup@resource://gre/modules/TelemetrySend.sys.mjs:241:30
setupTelemetry/this._delayedInitTask<@resource://gre/modules/TelemetryControllerParent.sys.mjs:828:36
observe@resource://gre/modules/AsyncShutdown.sys.mjs:576:16

WARNING: Error: Phase "profile-before-change" is finished, it is too late to register completion condition "OS.File: flush I/O queued before profileBeforeChange"
WARNING: addBlocker@resource://gre/modules/AsyncShutdown.sys.mjs:727:15
addBlocker@resource://gre/modules/AsyncShutdown.sys.mjs:523:26
addBlocker@resource://gre/modules/AsyncShutdown.sys.mjs:458:15
setupShutdown@resource://gre/modules/osfile/osfile_async_front.jsm:1548:28
@resource://gre/modules/osfile/osfile_async_front.jsm:1568:16
@resource://gre/modules/osfile.jsm:12:30
@resource://gre/modules/TelemetryStorage.sys.mjs:10:28
_checkPendingPings@resource://gre/modules/TelemetrySend.sys.mjs:863:17
setup@resource://gre/modules/TelemetrySend.sys.mjs:803:18
setup@resource://gre/modules/TelemetrySend.sys.mjs:241:30
setupTelemetry/this._delayedInitTask<@resource://gre/modules/TelemetryControllerParent.sys.mjs:828:36
observe@resource://gre/modules/AsyncShutdown.sys.mjs:576:16

JavaScript error: resource://gre/modules/AsyncShutdown.sys.mjs, line 727: Error: Phase "profile-before-change" is finished, it is too late to register completion condition "OS.File: flush I/O queued before profileBeforeChange"
JavaScript error: resource://gre/modules/AsyncShutdown.sys.mjs, line 727: Error: Phase "profile-before-change" is finished, it is too late to register completion condition "OS.File: flush I/O queued before profileBeforeChange"
JavaScript error: resource://gre/modules/AsyncShutdown.sys.mjs, line 727: Error: Phase "profile-before-change" is finished, it is too late to register completion condition "OS.File: flush I/O queued before profileBeforeChange"
JavaScript error: resource://gre/modules/AsyncShutdown.sys.mjs, line 727: Error: Phase "profile-before-change" is finished, it is too late to register completion condition "OS.File: flush I/O queued before profileBeforeChange"
JavaScript error: resource://gre/modules/AsyncShutdown.sys.mjs, line 727: Error: Phase "profile-before-change" is finished, it is too late to register completion condition "OS.File: flush I/O queued before profileBeforeChange"
JavaScript error: resource://gre/modules/AsyncShutdown.sys.mjs, line 727: Error: Phase "profile-before-change" is finished, it is too late to register completion condition "OS.File: flush I/O queued before profileBeforeChange"
1681048880195	geckodriver	INFO	Listening on 127.0.0.1:56896
1681048883251	mozrunner::runner	INFO	Running command: "C:\\Program Files\\Mozilla Firefox\\firefox.exe" "--marionette" "--remote-debugging-port" "56899" "--remote-allow-hosts" "localhost" "-no-remote" "-profile" "C:\\Users\\lucas\\AppData\\Local\\Temp\\rust_mozprofile0fvRPx"
console.warn: services.settings: Ignoring preference override of remote settings server
console.warn: services.settings: Allow by setting MOZ_REMOTE_SETTINGS_DEVTOOLS=1 in the environment
1681048883909	Marionette	INFO	Marionette enabled
Dynamically enable window occlusion 0
1681048883915	Marionette	INFO	Listening on port 56967
Read port: 56967
Read port: 56967
Read port: 56958
Read port: 56958
WebDriver BiDi listening on ws://127.0.0.1:56903
1681048888005	RemoteAgent	WARN	TLS certificate errors console.warn: Seaconsole.warn: Seaconsole.warn: SearchSettings: "get: No settings file exists, new profile?" (new NotFoundError("Could not open the file at C:\\Users\\lucas\\AppData\\Local\\Temp\\rust_mozprofilepwb5Et\\search.json.mozlz4", (void 0)))
DevTools listening on ws://127.0.0.1:56903/devtools/browser/6bee094e-a022-47b0-9c8c-dca7e1246ecb
JavaScript warning: https://assets.adobedtm.com/launch-EN25c109711a674c3ea843eea81c76c25e.min.js, line 6: WEBGL_debug_renderJavaScript warning: https://assets.adobedtm.com/launch-EN25JavaScript error:JavaScript warning: https://assets.adobedtm.com/launch-EN25c109711a674c3ea843eea81c76c25e.min.js, line 6: WEBGL_debug_renderJavaScript warning: https://assets.adobedtm.com/launch-EN25c109711a674c3ea841681048910977	Marionette	WARN	Ignoring event 'DOMContentLoaded' because document has an invalid readyState of 'complete'.
JJavaScript warning: https://assets.adobedtm.com/launch-EN25c109711a674c3ea84[Parent 23748, IPC I/O Parent] WARNING: DuplicateHandle failed for handle 0 in TransferHandles: file /builds/worker/checkouJavaScript warning: https://assets.adobedtm.com/launch-EN25c109711a674c3ea843eea81c76c25e.min.js, line 6: WEBGL_debug_renderer_info is deprecated in Firefox and will be removed. Please use RENDERER.
1JavaScript warning: https://assets.adobedtm.com/launch-EN25c109711a674c3ea843eea81c76c25e.min.js, line 6: WEBGL_debug_rendJavaScript warning: https://assets.adobedtm.com/launch-EN25c109711a674c3ea843eJavaScript error: https://s.pinimg.com/ct/lib/main.da2a1c8f.js, line 1: InvalidStateError: XMLHttpRequest has an invalid context.
JavaScript warning: https://assets.adobedtm.com/launch-EN25c109711a674c3ea843eea81c76c25e.min.js, line 6: WEBGL_debug_renderer_info is deprecated in Firefox and will be removed. Please use RENDERER.
JavaScript warning: https://assets.adobedtm.com/launch-EN25c109711a674c3ea843eea81c76c25e.min.js, line 6: WEBGL_debug_renderer_info is deprecated in Firefox and will be removed. Please use RENDERER.
JavaScript error: https://s.pinimg.com/ct/lib/main.da2a1c8f.js, line 1: InvalidStateError: XMLHttpRequest has an invalid context.
JavaScript warning: https://assets.adobedtm.com/launch-EN25c109711a674c3ea843eea81c76c25e.min.js, line 6: WEBGL_debug_renderer_info is deprecated in Firefox and will be removed. Please use RENDERER.
1681048948807	Marionette	WARN	Ignoring event 'DOMContentLoaded' because document has an invalid readyState of 'complete'.
JavaScript warning: https://assets.adobedtm.com/launch-EN25c109711a674c3ea843eea81c76c25e.min.js, line 6: WEBGL_debug_renderer_info is deprecated in Firefox and will be removed. Please use RENDERER.
JavaScript warning: https://assets.adobedtm.com/launch-EN25c109711a674c3ea843eea81c76c25e.min.js, line 6: WEBGL_debug_renderer_info is deprecated in Firefox and will be removed. Please use RENDERER.
1681048960668	Marionette	WARN	Ignoring event 'DOMContentLoaded' because documenJavaScript warning: https://assets.adobedtm.com/launch-EN25c109711a674c3ea843eea81c76c25e.min.js, line 6: WEBGL_debug_renderer_info is deprecated in Firefox and will be removed. Please use REJavaScripJavaScript warning: https://assets.adobedtm.com/launch-EN25c109711a674c3ea843eea81c76c25e.min.js, line 6: WEBGL_debug_renderer_info is deprecated in Firefox and will be removed. Please use REJavaScripJavaScript error: , line 0: AbortError: The operation was aborted. 
JavaScript warning: https://assets.adobedtm.com/launch-EN25c109711a674c3ea843eea81c76c25e.min.js, line 6: WEBGL_debug_rend1681048974615	Marionette	WARN	Ignoring event 'DOMContentLoaded' because documeJavaScript warning: https://assets.adobedtm.com/launch-EN25c109711a674c3ea843eea81c76c25e.min.js, JavaScript warning: https://assets.adobedtm.com/launch-EN25c109711a674c3ea843eea81c76c25e.min.js, lineJavaScript warning: https://assets.adobedtm.com/launch-EN25c109711a674c3ea843eea81c76c25e.min.js, 1681048984125	Marionette	WARN	Ignoring event 'DOMContentLoaded' because document has an invalid readySJavaScript warning: https://assets.adobedtm.com/launch-EN25c109711a674c3ea843eea81c76c25e.min.js, line 6: WEBGL_debug_renderer_info is deprecated in Firefox and will be removed. Please use RENDERER.
JavaScript error: , line 0: TypeError: NetworkError when attempting to fetch resource.
JavaScript warning: https://assets.adobedtm.com/launch-EN25c109711a674c3ea843eea81c76c25e.min.js, line 6: WEBGL_debug_renderer_info iJavaScript error: , line 0: TypeError: NetworkError when attemptingJavaScript warning: https://assets.adobedtm.com/launch-EN25c109711a674c3ea843eea81c76c25e.min.js, line 6: WEBGL_debug_renderer_info is deprecated in Firefox and will be removed. Please use RENDERER.
JavaScript warning: https://assets.adobedtm.com/launch-EN25c109711a674c3ea843eea81c76c25e.min.js, line 6: WEBGL_debug_renderer_info is deprecated in Firefox and will be removed. Please use RENDERER.
1681049012469	Marionette	WARN	Ignoring event 'DOMContentLoaded' because document has an invalid readyState of 'complete'.
JavaScript warning: https://assets.adobedtm.com/launch-EN25c109711a674c3ea843eea81c76c25e.min.js, line 6: WEBGL_debug_renderer_info is deprecated in Firefox and will be removed. Please use RENDERER.
JavaScript warning: https://assets.adobedtm.com/launch-EN25c109711a674c3ea843eea81c76c25e.min.js, line 6: WEBGL_debug_renderer_info is deprecated in Firefox and will be removed. Please use RENDERER.
JavaScript warning: https://assets.adobedtm.com/launch-EN25c109711a674c3ea843eea81c76c25e.min.js, line 6: WEBGL_debug_renderer_info is deprecated in Firefox and will be removed. Please use RENDERER.
JavaScript warning: https://assets.adobedtm.com/launch-EN25c109711a674c3ea843eea81c76c25e.min.js, line 6: WEBGL_debug_renderer_info is deprecated in Firefox and will be removed. Please use RENDERER.
JavaScript warning: https://assets.adobedtm.com/launch-EN25c109711a674c3ea843eea81c76c25e.min.js, line 6: WEBGL_debug_renderer_info is deprecated in Firefox and will be removed. Please use RENDERER.
JavaScript warning: https://assets.adobedtm.com/launch-EN25c109711a674c3ea843eea81c76c25e.min.js, line 6: WEBGL_debug_renderer_info is deprecated in Firefox and will be removed. Please use RENDERER.
JavaScript warning: https://assets.adobedtm.com/launch-EN25c109711a674c3ea843eea81c76c25e.min.js, line 6: WEBGL_debug_renderer_info is deprecated in Firefox and will be removed. Please use RENDERER.
JavaScript warning: https://assets.adobedtm.com/launch-EN25c109711a674c3ea843eea81c76c25e.min.js, line 6: WEBGL_debug_renderer_info is deprecated in Firefox and will be removed. Please use RENDERER.
JavaScript warning: https://assets.adobedtm.com/launch-EN25c109711a674c3ea843eea81c76c25e.min.js, line 6: WEBGL_debug_renderer_info is deprecated in Firefox and will be removed. Please use RENDERER.
1681049062963	Marionette	INFO	Stopped listening on port 56958
Dynamically enable window occlusion 1
[Parent 23748, IPC I/O Parent] WARNING: DuplicateHandle failed for handle 0 in TransferHandles: file /builds/worker/checkouts/gecko/ipc/chromium/src/chrome/common/ipc_channel_win.cc:777
avaScript warning: https://assets.adobedtm.com/launch-EN25c109711a674c3ea843eea81c76c25e.min.js, line 6: WEBGL_debug_re1681049060289	Marionette	INFO	Stopped listening on port 56960
Dynamically enable window occlusion 1
te	INFO	Stopped listening on port 56957
Dynamically enable window occlusion 1
e.
JavaScript warning: https://assets.adobedtm.com/launch-EN25c109711a674c3ea843eea81c76c25e.min.js, line 6: WEBGL_debug_renderer_info is deprecated in Firefox and will be removed. Please use RENDERER.
JavaScript warning: https://assets.adobedtm.com/launch-EN25c109711a674c3ea843eea81c76c25e.min.js, line 6: WEBGL_debug_renderer_info is deprecated in Firefox and will be removed. Please use RENDERER.
1681049063439	Marionette	INFO	Stopped listening on port 56955
Dynamically enable window occlusion 1
er_info is deprecated in Firefox and will be removed. Please use RENDERER.
JavaScript error: , line 0: AbortError: The operation was aborted. 
JavaScript warning: https://assets.adobedtm.com/launch-EN25c109711a674c3ea843eea81c76c25e.min.js, line 6: WEBGL_debug_renderer_info is deprecated in Firefox and will be removed. Please use RENDERER.
1681049060516	Marionette	INFO	Stopped listening on port 56953
Dynamically enable window occlusion 1
be removed. Please use RENDERER.
JavaScript warning: https://assets.adobedtm.com/launch-EN25c109711a674c3ea843eea81c76c25e.min.js, line 6: WEBGL_debug_renderer_info is deprecated in Firefox and will be removed. Please use RENDERER.
JavaScript warning: https://assets.adobedtm.com/launch-EN25c109711a674c3ea843eea81c76c25e.min.js, line 6: WEBGL_debug_renderer_info is deprecated in Firefox and will be removed. Please use RENDERER.
1681049058458	Marionette	INFO	Stopped listening on port 56967
Dynamically enable window occlusion 1
se RENDERER.
JavaScript warning: https://assets.adobedtm.com/launch-EN25c109711a674c3ea843eea81c76c25e.min.js, line 6: WEBGL_debug_renderer_info is deprecated in Firefox and will be removed. Please use RENDERER.
JavaScript warning: https://assets.adobedtm.com/launch-EN25c109711a674c3ea843eea81c76c25e.min.js, line 6: WEBGL_debug_renderer_info is deprecated in Firefox and will be removed. Please use RENDERER.
JavaScript warning: https://assets.adobedtm.com/launch-EN25c109711a674c3ea843eea81c76c25e.min.js, line 6: WEBGL_debug_renderer_info is deprecated in Firefox and will be removed. Please use RENDERER.
JavaScript warning: https://assets.adobedtm.com/launch-EN25c109711a674c3ea843eea81c76c25e.min.js, line 6: WEBGL_debug_renderer_info is deprecated in Firefox and will be removed. Please use RENDERER.
1681049059295	Marionette	WARN	Ignoring event 'DOMContentLoaded' because document has an invalid readyState of 'complete'.
JavaScript warning: https://assets.adobedtm.com/launch-EN25c109711a674c3ea843eea81c76c25e.min.js, line 6: WEBGL_debug_renderer_info is deprecated in Firefox and will be removed. Please use RENDERER.
1681049061732	Marionette	INFO	Stopped listening on port 56954
Dynamically enable window occlusion 1
1681049689372	geckodriver	INFO	Listening on 127.0.0.1:58699
1681049692419	mozrunner::runner	INFO	Running command: "C:\\Program Files\\Mozilla Firefox\\firefox.exe" "--marionette" "--remote-debugging-port" "58700" "--remote-allow-hosts" "localhost" "-no-remote" "-profile" "C:\\Users\\lucas\\AppData\\Local\\Temp\\rust_mozprofile3Tb15F"
console.warn: services.settings: Ignoring preference override of remote settings server
console.warn: services.settings: Allow by setting MOZ_REMOTE_SETTINGS_DEVTOOLS=1 in the environment
1681049692873	Marionette	INFO	Marionette enabled
Dynamically enable window occlusion 0
1681049692881	Marionette	INFO	Listening on port 58720
Read port: 58720
WebDriver BiDi listening on ws://127.0.0.1:58700
1681049693038	RemoteAgent	WARN	TLS certificate errors will be ignored for this session
console.warn: SearchSettings: "get: No settings file exists, new profile?" (new NotFoundError("Could not open the file at C:\\Users\\lucas\\AppData\\Local\\Temp\\rust_mozprofile3Tb15F\\search.json.mozlz4", (void 0)))
DevTools listening on ws://127.0.0.1:58700/devtools/browser/fbf496be-be90-4cdc-929a-36b807424877
JavaScript warning: https://assets.adobedtm.com/launch-EN25c109711a674c3ea843eea81c76c25e.min.js, line 6: WEBGL_debug_renderer_info is deprecated in Firefox and will be removed. Please use RENDERER.
JavaScript warning: https://assets.adobedtm.com/launch-EN25c109711a674c3ea843eea81c76c25e.min.js, line 6: WEBGL_debug_renderer_info is deprecated in Firefox and will be removed. Please use RENDERER.
JavaScript warning: https://assets.adobedtm.com/launch-EN25c109711a674c3ea843eea81c76c25e.min.js, line 6: WEBGL_debug_renderer_info is deprecated in Firefox and will be removed. Please use RENDERER.
JavaScript warning: https://assets.adobedtm.com/launch-EN25c109711a674c3ea843eea81c76c25e.min.js, line 6: WEBGL_debug_renderer_info is deprecated in Firefox and will be removed. Please use RENDERER.
JavaScript warning: https://assets.adobedtm.com/launch-EN25c109711a674c3ea843eea81c76c25e.min.js, line 6: WEBGL_debug_renderer_info is deprecated in Firefox and will be removed. Please use RENDERER.
JavaScript warning: https://assets.adobedtm.com/launch-EN25c109711a674c3ea843eea81c76c25e.min.js, line 6: WEBGL_debug_renderer_info is deprecated in Firefox and will be removed. Please use RENDERER.
JavaScript warning: https://assets.adobedtm.com/launch-EN25c109711a674c3ea843eea81c76c25e.min.js, line 6: WEBGL_debug_renderer_info is deprecated in Firefox and will be removed. Please use RENDERER.
1681049717267	Marionette	INFO	Stopped listening on port 58720
Dynamically enable window occlusion 1
WARNING: A blocker encountered an error while we were waiting.
          Blocker:  Waiting for ping task
          Phase: TelemetryController: Waiting for pending ping activity
          State: (none)
WARNING: Error: Phase "profile-before-change" is finished, it is too late to register completion condition "OS.File: flush I/O queued before profileBeforeChange"
WARNING: addBlocker@resource://gre/modules/AsyncShutdown.sys.mjs:727:15
addBlocker@resource://gre/modules/AsyncShutdown.sys.mjs:523:26
addBlocker@resource://gre/modules/AsyncShutdown.sys.mjs:458:15
setupShutdown@resource://gre/modules/osfile/osfile_async_front.jsm:1548:28
@resource://gre/modules/osfile/osfile_async_front.jsm:1568:16
@resource://gre/modules/osfile.jsm:12:30
@resource://gre/modules/TelemetryStorage.sys.mjs:10:28
_checkPendingPings@resource://gre/modules/TelemetrySend.sys.mjs:863:17
setup@resource://gre/modules/TelemetrySend.sys.mjs:803:18
setup@resource://gre/modules/TelemetrySend.sys.mjs:241:30
setupTelemetry/this._delayedInitTask<@resource://gre/modules/TelemetryControllerParent.sys.mjs:828:36
observe@resource://gre/modules/AsyncShutdown.sys.mjs:576:16

console.error: "TelemetryScheduler.shutdown - Already shut down"
WARNING: A blocker encountered an error while we were waiting.
          Blocker:  Waiting for ping task
          Phase: TelemetryController: Waiting for pending ping activity
          State: (none)
WARNING: Error: Phase "profile-before-change" is finished, it is too late to register completion condition "OS.File: flush I/O queued before profileBeforeChange"
WARNING: addBlocker@resource://gre/modules/AsyncShutdown.sys.mjs:727:15
addBlocker@resource://gre/modules/AsyncShutdown.sys.mjs:523:26
addBlocker@resource://gre/modules/AsyncShutdown.sys.mjs:458:15
setupShutdown@resource://gre/modules/osfile/osfile_async_front.jsm:1548:28
@resource://gre/modules/osfile/osfile_async_front.jsm:1568:16
@resource://gre/modules/osfile.jsm:12:30
@resource://gre/modules/TelemetryStorage.sys.mjs:10:28
_checkPendingPings@resource://gre/modules/TelemetrySend.sys.mjs:863:17
setup@resource://gre/modules/TelemetrySend.sys.mjs:803:18
setup@resource://gre/modules/TelemetrySend.sys.mjs:241:30
setupTelemetry/this._delayedInitTask<@resource://gre/modules/TelemetryControllerParent.sys.mjs:828:36
observe@resource://gre/modules/AsyncShutdown.sys.mjs:576:16

WARNING: A blocker encountered an error while we were waiting.
          Blocker:  Waiting for ping task
          Phase: TelemetryController: Waiting for pending ping activity
          State: (none)
WARNING: Error: Phase "profile-before-change" is finished, it is too late to register completion condition "OS.File: flush I/O queued before profileBeforeChange"
WARNING: addBlocker@resource://gre/modules/AsyncShutdown.sys.mjs:727:15
addBlocker@resource://gre/modules/AsyncShutdown.sys.mjs:523:26
addBlocker@resource://gre/modules/AsyncShutdown.sys.mjs:458:15
setupShutdown@resource://gre/modules/osfile/osfile_async_front.jsm:1548:28
@resource://gre/modules/osfile/osfile_async_front.jsm:1568:16
@resource://gre/modules/osfile.jsm:12:30
@resource://gre/modules/TelemetryStorage.sys.mjs:10:28
_checkPendingPings@resource://gre/modules/TelemetrySend.sys.mjs:863:17
setup@resource://gre/modules/TelemetrySend.sys.mjs:803:18
setup@resource://gre/modules/TelemetrySend.sys.mjs:241:30
setupTelemetry/this._delayedInitTask<@resource://gre/modules/TelemetryControllerParent.sys.mjs:828:36
observe@resource://gre/modules/AsyncShutdown.sys.mjs:576:16

WARNING: A blocker encountered an error while we were waiting.
          Blocker:  TelemetryController: shutting down
          Phase: profile-before-change-telemetry
          State: Error getting state: Error: Phase "profile-before-change" is finished, it is too late to register completion condition "OS.File: flush I/O queued before profileBeforeChange" at addBlocker@resource://gre/modules/AsyncShutdown.sys.mjs:727:15
addBlocker@resource://gre/modules/AsyncShutdown.sys.mjs:523:26
addBlocker@resource://gre/modules/AsyncShutdown.sys.mjs:458:15
setupShutdown@resource://gre/modules/osfile/osfile_async_front.jsm:1548:28
@resource://gre/modules/osfile/osfile_async_front.jsm:1568:16
@resource://gre/modules/osfile.jsm:12:30
@resource://gre/modules/TelemetryStorage.sys.mjs:10:28
_checkPendingPings@resource://gre/modules/TelemetrySend.sys.mjs:863:17
setup@resource://gre/modules/TelemetrySend.sys.mjs:803:18
setup@resource://gre/modules/TelemetrySend.sys.mjs:241:30
setupTelemetry/this._delayedInitTask<@resource://gre/modules/TelemetryControllerParent.sys.mjs:828:36
observe@resource://gre/modules/AsyncShutdown.sys.mjs:576:16

WARNING: Error: Phase "profile-before-change" is finished, it is too late to register completion condition "OS.File: flush I/O queued before profileBeforeChange"
WARNING: addBlocker@resource://gre/modules/AsyncShutdown.sys.mjs:727:15
addBlocker@resource://gre/modules/AsyncShutdown.sys.mjs:523:26
addBlocker@resource://gre/modules/AsyncShutdown.sys.mjs:458:15
setupShutdown@resource://gre/modules/osfile/osfile_async_front.jsm:1548:28
@resource://gre/modules/osfile/osfile_async_front.jsm:1568:16
@resource://gre/modules/osfile.jsm:12:30
@resource://gre/modules/TelemetryStorage.sys.mjs:10:28
_checkPendingPings@resource://gre/modules/TelemetrySend.sys.mjs:863:17
setup@resource://gre/modules/TelemetrySend.sys.mjs:803:18
setup@resource://gre/modules/TelemetrySend.sys.mjs:241:30
setupTelemetry/this._delayedInitTask<@resource://gre/modules/TelemetryControllerParent.sys.mjs:828:36
observe@resource://gre/modules/AsyncShutdown.sys.mjs:576:16

JavaScript error: resource://gre/modules/AsyncShutdown.sys.mjs, line 727: Error: Phase "profile-before-change" is finished, it is too late to register completion condition "OS.File: flush I/O queued before profileBeforeChange"
JavaScript error: resource://gre/modules/AsyncShutdown.sys.mjs, line 727: Error: Phase "profile-before-change" is finished, it is too late to register completion condition "OS.File: flush I/O queued before profileBeforeChange"
JavaScript error: resource://gre/modules/AsyncShutdown.sys.mjs, line 727: Error: Phase "profile-before-change" is finished, it is too late to register completion condition "OS.File: flush I/O queued before profileBeforeChange"
JavaScript error: resource://gre/modules/AsyncShutdown.sys.mjs, line 727: Error: Phase "profile-before-change" is finished, it is too late to register completion condition "OS.File: flush I/O queued before profileBeforeChange"
JavaScript error: resource://gre/modules/AsyncShutdown.sys.mjs, line 727: Error: Phase "profile-before-change" is finished, it is too late to register completion condition "OS.File: flush I/O queued before profileBeforeChange"
JavaScript error: resource://gre/modules/AsyncShutdown.sys.mjs, line 727: Error: Phase "profile-before-change" is finished, it is too late to register completion condition "OS.File: flush I/O queued before profileBeforeChange"
1681049718635	geckodriver	INFO	Listening on 127.0.0.1:58867
1681049721685	mozrunner::runner	INFO	Running command: "C:\\Program Files\\Mozilla Firefox\\firefox.exe" "--marionette" "--remote-debugging-port" "58873" "--remote-allow-hosts" "localhost" "-no-remote" "-profile" "C:\\Users\\lucas\\AppData\\Local\\Temp\\rust_mozprofiledoCDWn"
console.warn: services.settings: Ignoring preference override of remote settings server
console.warn: services.settings: Allow by setting MOZ_REMOTE_SETTINGS_DEVTOOLS=1 in the environment
1681049722150	Marionette	INFO	Marionette enabled
Dynamically enable window occlusion 0
1681049722160	Marionette	INFO	Listening on port 58909
Read port: 58907
Read port: 58909
Read port: 58909
WebDriver BiDi listening on ws://127.0.0.1:58874
1681049724794	RemoteAgent	WARN	TLS certificate errors will be ignored fconsole.warn: Seaconsole.warn: SearchSettings: "get: No settings file exists, new profile?" (new NotFoundError("Could not open the file at C:\\Users\\lucas\\AppData\\Local\\Temp\\rust_mozprofileHuKBnr\\search.json.mozlDevTools listeninDevTools listening on ws://127.0.0.1:58870/devtools/browser/8f6c4a8d-ef70-4cfb-93JavaScript warninJavaScript warning: https://assets.adobedtm.com/launch-EN25c109711a674c3ea843eea81c76c25e.min.js, line 6: WEBGL_debug_renderer_info is deprecated in Firefox and will be removed. PleasJavaScript error:1681049734343	Marionette	WARN	Ignoring event 'DOMContentLoaded' because document has an invalid readyState of 'complete'.
JavaScript warning: https://assets.adobedtm.com/launch-EN25c109711a674c3ea843eea81c76c25e.min.js, line 6: WEBGL_debug_renderer_inJavaScript warning: https://assets.adobedtm.com/launch-EN25c109711a674c1681049739133	Marionette	WARN	Ignoring event 'DOMContentLoaded' because document has an invalid readyState of 'complete'.
JavaScript warning: https://assets.adobedtm.com/launch-EN25c109711a674c3ea843eea81c76c25e.min.js, line 6: WEBGL_debug_renderer_info is deprecated in Firefox and will be removed. Please use RENDERER.
JavaScript error: https://s.pinimg.com/ct/lib/main.da2a1c8f.js, line 1: InvalidStateError: XMLHttpRequest has an invalid context.
JavaScript warning: https://assets.adobedtm.com/launch-EN25c109711a674c3ea843eea81c76c25e.min.js, line 6: WEBGL_debug_renderer_info is deprecated in Firefox and will be removed. Please use RENDERER.
JavaScript warning: https://assets.adobedtm.com/launch-EN25c109711a674c3ea843eea81c76c25e.min.js, line 6: WEBGL_debug_renderer_info is deprecated in Firefox and will be removed. Please use RENDERER.
JavaScript warning: https://assets.adobedtm.com/launch-EN25c109711a674c3ea843eea81c76c25e.min.js, line 6: WEBGL_debug_renderer_info is deprecated in Firefox and will be removed. Please use RENDERER.
JavaScript warning: https://assets.adobedtm.com/launch-EN25c109711a674c3ea843eea81c76c25e.min.js, line 6: WEBGL_debug_renderer_info is deprecated in Firefox and will be removed. Please use RENDERER.
JavaScript warning: https://assets.adobedtm.com/launch-EN25c109711a674c3ea843eea81c76c25e.min.js, line 6: WEBGL_debug_renderer_info is deprecated in Firefox and will be removed. Please use RENDERER.J1681049760173	Marionette	WARN	Ignoring event 'DOMContentLoaded' because document has an invalid readyState of 'complete'.
1681049760231	Marionette	WARN	Ignoring event 'DOMContentLoaded' because docuJavaScript warning: https://assets.adobedtm.comJavaScript warning: https://assets.adobedtm.com/launch-EN25c109711a674c3ea843eea81c76c25e.min.js, line 6: WEBGL_debug_renderer_info is deprecated in FireJavaScript warning: https://assets.adobedtm.com/launch-EN25c109711a674c3ea843eea81c76c25e.min.js, line 6: WEBGL_debug_renderer_info is deprecated in Firefox and will be removed. Please use RENDERER.
JavaScript warning: https://assets.adobedtm.com/launch-EN25c109711a674c3ea843eea81c76c25e.min.js, line 6: WEBGL_debug_renderer_info is deprecated in Firefox and will be removed. Please use RENDERER.
JavaScript warning: https://assets.adobedtm.com/launch-EN25c109711a674c3ea843eea81c76c25e.min.js, line 6: WEBGL_debug_renderer_info is deprecated in Firefox and will be removed. Please use RENDERER.
JavaScript warning: https://assets.adobedtm.com/launch-EN25c109711a674c3ea843eea81c76c25e.min.js, line 6: WEBGL_debug_renderer_info is deprecated in Firefox and will be removed. Please use RENDERER.
JavaScript warning: https://assets.adobedtm.com/launch-EN25c109711a674c3ea843eea81c76c25e.min.js, line 6: WEBGL_debug_renderer_info is deprecated in Firefox and will be removed. Please use RENDERER.
JavaScript warning: https://assets.adobedtm.com/launch-EN25c109711a674c3ea843eea81c76c25e.min.js, line 6: WEBGL_debug_renderer_info is deprecated in Firefox and will be removed. Please use RENDERER.
JavaScript warning: https://assets.adobedtm.com/launch-EN25c109711a674c3ea843eea81c76c25e.min.js, line 6: WEBGL_debug_renderer_info is deprecated in Firefox and will be removed. Please use RENDERER.
JavaScript warning: https://assets.adobedtm.com/launch-EN25c109711a674c3ea843eea81c76c25e.min.js, line 6: WEBGL_debug_renderer_info is deprecated in Firefox and will be removed. Please use RENDERER.
JavaScript warning: https://assets.adobedtm.com/launch-EN25c109711a674c3ea843eea81c76c25e.min.js, line 6: WEBGL_debug_renderer_info is deprecated in Firefox and will be removed. Please use RENDERER.
JavaScript warning: https://assets.adobedtm.com/launch-EN25c109711a674c3ea843eea81c76c25e.min.js, line 6: WEBGL_debug_renderer_info is deprecated in Firefox and will be removed. Please use RENDERER.
JavaScript warning: https://assets.adobedtm.com/launch-EN25c109711a674c3ea843eea81c76c25e.min.js, line 6: WEBGL_debug_renderer_info is deprecated in Firefox and will be removed. Please use RENDERER.
JavaScript warning: https://assets.adobedtm.com/launch-EN25c109711a674c3ea843eea81c76c25e.min.js, line 6: WEBGL_debug_renderer_info is deprecated in Firefox and will be removed. Please use RENDERER.
JavaScript warning: https://assets.adobedtm.com/launch-EN25c109711a674c3ea843eea81c76c25e.min.js, line 6: WEBGL_debug_renderer_info is deprecated in Firefox and will be removed. Please use RENDERER.
JavaScript warning: https://assets.adobedtm.com/launch-EN25c109711a674c3ea843eea81c76c25e.min.js, line 6: WEBGL_debug_renderer_info is deprecated in Firefox and will be removed. Please use RENDERER.
JavaScript warning: https://assets.adobedtm.com/launch-EN25c109711a674c3ea843eea81c76c25e.min.js, line 6: WEBGL_debug_renderer_info is deprecated in Firefox and will be removed. Please use RENDERER.
JavaScript warning: https://assets.adobedtm.com/launch-EN25c109711a674c3ea843eea81c76c25e.min.js, line 6: WEBGL_debug_renderer_info is deprecated in Firefox and will be removed. Please use RENDERER.
JavaScript warning: https://assets.adobedtm.com/launch-EN25c109711a674c3ea843eea81c76c25e.min.js, line 6: WEBGL_debug_renderer_info is deprecated in Firefox and will be removed. Please use RENDERER.
1681049805259	Marionette	INFO	Stopped listening on port 58906
Dynamically enable window occlusion 1
rer_info is deprecated in Firefox and will be removed. Please use RENDERER.
JavaScript warning: https://assets.adobedtm.com/launch-EN25c109711a674c3ea843eea81c76c25e.min.js, line 6: WEJavaScript warning: https://assets.adobedtm.com/launch-EN25c109711a674c3ea843eea81c76c25e.miJavaScript warning: https://assets.adobedtm.com/launch-EN25c109711a674c3ea843eea81c76c25e.min.js, line 6: WE1681049804214	Marionette	INFO	Stopped listening on port 58905
Dynamically enable window occ1681049805609	Marionette	INFO	Stopped listening on port 58909
Dynamically enable window occlusion 1
JavaScript error: resource://gre/actors/ContentMetaChild.jsm, line 183: InvalidStateError: JSWindowActorChild.sendAsyncMessage: JSWindowActorChild cannot send at the moment
